#
# There is insufficient memory for the Java Runtime Environment to continue.
# Native memory allocation (malloc) failed to allocate 1048576 bytes. Error detail: AllocateHeap
# Possible reasons:
#   The system is out of physical RAM or swap space
#   This process is running with CompressedOops enabled, and the Java Heap may be blocking the growth of the native heap
# Possible solutions:
#   Reduce memory load on the system
#   Increase physical memory or swap space
#   Check if swap backing store is full
#   Decrease Java heap size (-Xmx/-Xms)
#   Decrease number of Java threads
#   Decrease Java thread stack sizes (-Xss)
#   Set larger code cache with -XX:ReservedCodeCacheSize=
#   JVM is running with Unscaled Compressed Oops mode in which the Java heap is
#     placed in the first 4GB address space. The Java Heap base address is the
#     maximum limit for the native heap growth. Please use -XX:HeapBaseMinAddress
#     to set the Java Heap base and to place the Java Heap above 4GB virtual address.
# This output file may be truncated or incomplete.
#
#  Out of Memory Error (allocation.cpp:44), pid=10700, tid=19260
#
# JRE version: OpenJDK Runtime Environment Temurin-17.0.11+9 (17.0.11+9) (build 17.0.11+9)
# Java VM: OpenJDK 64-Bit Server VM Temurin-17.0.11+9 (17.0.11+9, mixed mode, emulated-client, tiered, compressed oops, compressed class ptrs, g1 gc, windows-amd64)
# No core dump will be written. Minidumps are not enabled by default on client versions of Windows
#

---------------  S U M M A R Y ------------

Command Line: -Xmx1024m -Dsts.lsp.client=vscode -Dsts.log.file=/dev/null -XX:TieredStopAtLevel=1 -Xlog:jni+resolve=off -Dspring.config.location=file:c:\Users\taiph\.vscode\extensions\vmware.vscode-spring-boot-1.56.0\language-server\BOOT-INF\classes\application.properties org.springframework.ide.vscode.boot.app.BootLanguageServerBootApp

Host: AMD Ryzen 5 5500U with Radeon Graphics         , 12 cores, 7G,  Windows 11 , 64 bit Build 22621 (10.0.22621.3958)
Time: Wed Aug 21 11:50:17 2024 SE Asia Standard Time elapsed time: 11114.936728 seconds (0d 3h 5m 14s)

---------------  T H R E A D  ---------------

Current thread (0x000001fd3a5938a0):  VMThread "VM Thread" [stack: 0x0000005863e00000,0x0000005863f00000] [id=19260]

Stack: [0x0000005863e00000,0x0000005863f00000]
Native frames: (J=compiled Java code, j=interpreted, Vv=VM code, C=native code)
V  [jvm.dll+0x67d429]
V  [jvm.dll+0x834b7a]
V  [jvm.dll+0x83663e]
V  [jvm.dll+0x836ca3]
V  [jvm.dll+0x247dbf]
V  [jvm.dll+0xa6cb3]
V  [jvm.dll+0x2f8ad3]
V  [jvm.dll+0x2f4750]
V  [jvm.dll+0x2dcf67]
V  [jvm.dll+0x31fb67]
V  [jvm.dll+0x83b19b]
V  [jvm.dll+0x83bed2]
V  [jvm.dll+0x83c3ed]
V  [jvm.dll+0x83c7c4]
V  [jvm.dll+0x83c890]
V  [jvm.dll+0x7e410a]
V  [jvm.dll+0x67c315]
C  [ucrtbase.dll+0x29333]
C  [KERNEL32.DLL+0x1257d]
C  [ntdll.dll+0x5af28]

VM_Operation (0x00000058652fedf0): G1CollectFull, mode: safepoint, requested by thread 0x000001fd3f84adf0


---------------  P R O C E S S  ---------------

Threads class SMR info:
_java_thread_list=0x000001fd41792f70, length=32, elements={
0x000001fd3a5aa380, 0x000001fd3a5ab110, 0x000001fd3a5d1a40, 0x000001fd3a5d45e0,
0x000001fd3a6e8470, 0x000001fd3a6ead50, 0x000001fd3a6eb620, 0x000001fd3a6ebf30,
0x000001fd3a8f7ed0, 0x000001fd3a902cd0, 0x000001fd401d6480, 0x000001fd3f84adf0,
0x000001fd40501ac0, 0x000001fd2f336e80, 0x000001fd4002fa90, 0x000001fd3f64a020,
0x000001fd405b4e80, 0x000001fd405b3a40, 0x000001fd405b5390, 0x000001fd405b5db0,
0x000001fd405b62c0, 0x000001fd405b67d0, 0x000001fd405b3530, 0x000001fd405b3f50,
0x000001fd407c6d60, 0x000001fd407c30a0, 0x000001fd407c7270, 0x000001fd407c7780,
0x000001fd407c7c90, 0x000001fd407c2b90, 0x000001fd407c35b0, 0x000001fd405b4460
}

Java Threads: ( => current thread )
  0x000001fd3a5aa380 JavaThread "Reference Handler" daemon [_thread_blocked, id=9828, stack(0x0000005863f00000,0x0000005864000000)]
  0x000001fd3a5ab110 JavaThread "Finalizer" daemon [_thread_blocked, id=8240, stack(0x0000005864000000,0x0000005864100000)]
  0x000001fd3a5d1a40 JavaThread "Signal Dispatcher" daemon [_thread_blocked, id=18760, stack(0x0000005864100000,0x0000005864200000)]
  0x000001fd3a5d45e0 JavaThread "Attach Listener" daemon [_thread_blocked, id=19592, stack(0x0000005864200000,0x0000005864300000)]
  0x000001fd3a6e8470 JavaThread "Service Thread" daemon [_thread_blocked, id=10128, stack(0x0000005864300000,0x0000005864400000)]
  0x000001fd3a6ead50 JavaThread "Monitor Deflation Thread" daemon [_thread_blocked, id=15600, stack(0x0000005864400000,0x0000005864500000)]
  0x000001fd3a6eb620 JavaThread "C1 CompilerThread0" daemon [_thread_blocked, id=14428, stack(0x0000005864500000,0x0000005864600000)]
  0x000001fd3a6ebf30 JavaThread "Sweeper thread" daemon [_thread_blocked, id=11832, stack(0x0000005864600000,0x0000005864700000)]
  0x000001fd3a8f7ed0 JavaThread "Notification Thread" daemon [_thread_blocked, id=5884, stack(0x0000005864800000,0x0000005864900000)]
  0x000001fd3a902cd0 JavaThread "Common-Cleaner" daemon [_thread_blocked, id=19284, stack(0x0000005864a00000,0x0000005864b00000)]
  0x000001fd401d6480 JavaThread "boundedElastic-evictor-1" daemon [_thread_blocked, id=12600, stack(0x0000005865100000,0x0000005865200000)]
  0x000001fd3f84adf0 JavaThread "pool-13-thread-1" [_thread_blocked, id=2680, stack(0x0000005865200000,0x0000005865300000)]
  0x000001fd40501ac0 JavaThread "LanguageServerApp-lifecycle" [_thread_blocked, id=18768, stack(0x0000005865900000,0x0000005865a00000)]
  0x000001fd2f336e80 JavaThread "DestroyJavaVM" [_thread_blocked, id=10040, stack(0x0000005863800000,0x0000005863900000)]
  0x000001fd4002fa90 JavaThread "pool-14-thread-1" [_thread_in_native, id=11964, stack(0x0000005865a00000,0x0000005865b00000)]
  0x000001fd3f64a020 JavaThread "Simple-Language-Server main thread" daemon [_thread_blocked, id=19444, stack(0x0000005865b00000,0x0000005865c00000)]
  0x000001fd405b4e80 JavaThread "pool-8-thread-1" [_thread_blocked, id=3864, stack(0x0000005865e00000,0x0000005865f00000)]
  0x000001fd405b3a40 JavaThread "parallel-1" daemon [_thread_blocked, id=16200, stack(0x0000005865f00000,0x0000005866000000)]
  0x000001fd405b5390 JavaThread "pool-6-thread-1" [_thread_blocked, id=2588, stack(0x0000005866000000,0x0000005866100000)]
  0x000001fd405b5db0 JavaThread "parallel-2" daemon [_thread_blocked, id=8784, stack(0x0000005866100000,0x0000005866200000)]
  0x000001fd405b62c0 JavaThread "parallel-3" daemon [_thread_blocked, id=13708, stack(0x0000005866200000,0x0000005866300000)]
  0x000001fd405b67d0 JavaThread "parallel-4" daemon [_thread_blocked, id=16644, stack(0x0000005866300000,0x0000005866400000)]
  0x000001fd405b3530 JavaThread "parallel-5" daemon [_thread_blocked, id=20196, stack(0x0000005866400000,0x0000005866500000)]
  0x000001fd405b3f50 JavaThread "Reconciler-1" daemon [_thread_blocked, id=19992, stack(0x0000005866500000,0x0000005866600000)]
  0x000001fd407c6d60 JavaThread "parallel-6" daemon [_thread_blocked, id=14460, stack(0x0000005863500000,0x0000005863600000)]
  0x000001fd407c30a0 JavaThread "parallel-7" daemon [_thread_blocked, id=10972, stack(0x0000005865000000,0x0000005865100000)]
  0x000001fd407c7270 JavaThread "parallel-8" daemon [_thread_blocked, id=20368, stack(0x0000005865d00000,0x0000005865e00000)]
  0x000001fd407c7780 JavaThread "parallel-9" daemon [_thread_blocked, id=8160, stack(0x0000005866600000,0x0000005866700000)]
  0x000001fd407c7c90 JavaThread "parallel-10" daemon [_thread_blocked, id=2240, stack(0x0000005866700000,0x0000005866800000)]
  0x000001fd407c2b90 JavaThread "parallel-11" daemon [_thread_blocked, id=15940, stack(0x0000005866800000,0x0000005866900000)]
  0x000001fd407c35b0 JavaThread "parallel-12" daemon [_thread_blocked, id=3716, stack(0x0000005866900000,0x0000005866a00000)]
  0x000001fd405b4460 JavaThread "CompletableFutureDelayScheduler" daemon [_thread_blocked, id=21044, stack(0x0000005867900000,0x0000005867a00000)]

Other Threads:
=>0x000001fd3a5938a0 VMThread "VM Thread" [stack: 0x0000005863e00000,0x0000005863f00000] [id=19260]
  0x000001fd3a8f83b0 WatcherThread [stack: 0x0000005864900000,0x0000005864a00000] [id=16672]
  0x000001fd2f375dd0 GCTaskThread "GC Thread#0" [stack: 0x0000005863900000,0x0000005863a00000] [id=8892]
  0x000001fd3a74e4d0 GCTaskThread "GC Thread#1" [stack: 0x0000005864b00000,0x0000005864c00000] [id=5140]
  0x000001fd3f891b60 GCTaskThread "GC Thread#2" [stack: 0x0000005864c00000,0x0000005864d00000] [id=16704]
  0x000001fd3f891e20 GCTaskThread "GC Thread#3" [stack: 0x0000005864d00000,0x0000005864e00000] [id=16180]
  0x000001fd3fa12870 GCTaskThread "GC Thread#4" [stack: 0x0000005864e00000,0x0000005864f00000] [id=18708]
  0x000001fd3facc8d0 GCTaskThread "GC Thread#5" [stack: 0x0000005864f00000,0x0000005865000000] [id=3008]
  0x000001fd3fb93ea0 GCTaskThread "GC Thread#6" [stack: 0x0000005865300000,0x0000005865400000] [id=12412]
  0x000001fd3fd58200 GCTaskThread "GC Thread#7" [stack: 0x0000005865400000,0x0000005865500000] [id=14516]
  0x000001fd3fd42fa0 GCTaskThread "GC Thread#8" [stack: 0x0000005865500000,0x0000005865600000] [id=14272]
  0x000001fd3fd1ec70 GCTaskThread "GC Thread#9" [stack: 0x0000005865600000,0x0000005865700000] [id=2620]
  0x000001fd2f37f440 ConcurrentGCThread "G1 Main Marker" [stack: 0x0000005863a00000,0x0000005863b00000] [id=18124]
  0x000001fd2f37fd70 ConcurrentGCThread "G1 Conc#0" [stack: 0x0000005863b00000,0x0000005863c00000] [id=19708]
  0x000001fd3fc406f0 ConcurrentGCThread "G1 Conc#1" [stack: 0x0000005865700000,0x0000005865800000] [id=15012]
  0x000001fd3fbb3c70 ConcurrentGCThread "G1 Conc#2" [stack: 0x0000005865800000,0x0000005865900000] [id=11952]
  0x000001fd2f3dd4e0 ConcurrentGCThread "G1 Refine#0" [stack: 0x0000005863c00000,0x0000005863d00000] [id=5920]
  0x000001fd40f1d9c0 ConcurrentGCThread "G1 Refine#1" [stack: 0x0000005866f00000,0x0000005867000000] [id=4104]
  0x000001fd40f98a80 ConcurrentGCThread "G1 Refine#2" [stack: 0x0000005867000000,0x0000005867100000] [id=17524]
  0x000001fd2f3dde20 ConcurrentGCThread "G1 Service" [stack: 0x0000005863d00000,0x0000005863e00000] [id=7828]

Threads with active compile tasks:

VM state: at safepoint (normal execution)

VM Mutex/Monitor currently owned by a thread:  ([mutex/lock_event])
[0x000001fd2d19e020] Threads_lock - owner thread: 0x000001fd3a5938a0
[0x000001fd2f334930] Heap_lock - owner thread: 0x000001fd3f84adf0

Heap address: 0x00000000c0000000, size: 1024 MB, Compressed Oops mode: 32-bit

CDS archive(s) not mapped
Compressed class space mapped at: 0x0000000100000000-0x0000000140000000, reserved size: 1073741824
Narrow klass base: 0x0000000000000000, Narrow klass shift: 3, Narrow klass range: 0x140000000

GC Precious Log:
 CPUs: 12 total, 12 available
 Memory: 7577M
 Large Page Support: Disabled
 NUMA Support: Disabled
 Compressed Oops: Enabled (32-bit)
 Heap Region Size: 1M
 Heap Min Capacity: 8M
 Heap Initial Capacity: 120M
 Heap Max Capacity: 1G
 Pre-touch: Disabled
 Parallel Workers: 10
 Concurrent Workers: 3
 Concurrent Refinement Workers: 10
 Periodic GC: Disabled

Heap:
 garbage-first heap   total 153600K, used 50707K [0x00000000c0000000, 0x0000000100000000)
  region size 1024K, 1 young (1024K), 0 survivors (0K)
 Metaspace       used 65140K, committed 65600K, reserved 1114112K
  class space    used 8153K, committed 8384K, reserved 1048576K

Heap Regions: E=young(eden), S=young(survivor), O=old, HS=humongous(starts), HC=humongous(continues), CS=collection set, F=free, OA=open archive, CA=closed archive, TAMS=top-at-mark-start (previous, next)
|   0|0x00000000c0000000, 0x00000000c0100000, 0x00000000c0100000|100%|HS|  |TAMS 0x00000000c0100000, 0x00000000c0000000| Untracked 
|   1|0x00000000c0100000, 0x00000000c0200000, 0x00000000c0200000|100%|HC|  |TAMS 0x00000000c0200000, 0x00000000c0100000| Untracked 
|   2|0x00000000c0200000, 0x00000000c0300000, 0x00000000c0300000|100%|HC|  |TAMS 0x00000000c0300000, 0x00000000c0200000| Untracked 
|   3|0x00000000c0300000, 0x00000000c0400000, 0x00000000c0400000|100%|HC|  |TAMS 0x00000000c0400000, 0x00000000c0300000| Untracked 
|   4|0x00000000c0400000, 0x00000000c0500000, 0x00000000c0500000|100%|HS|  |TAMS 0x00000000c0500000, 0x00000000c0400000| Untracked 
|   5|0x00000000c0500000, 0x00000000c0600000, 0x00000000c0600000|100%|HC|  |TAMS 0x00000000c0600000, 0x00000000c0500000| Untracked 
|   6|0x00000000c0600000, 0x00000000c0700000, 0x00000000c0700000|100%| O|  |TAMS 0x00000000c0700000, 0x00000000c0600000| Untracked 
|   7|0x00000000c0700000, 0x00000000c0800000, 0x00000000c0800000|100%| O|  |TAMS 0x00000000c0800000, 0x00000000c0700000| Untracked 
|   8|0x00000000c0800000, 0x00000000c0900000, 0x00000000c0900000|100%| O|  |TAMS 0x00000000c0900000, 0x00000000c0800000| Untracked 
|   9|0x00000000c0900000, 0x00000000c0a00000, 0x00000000c0a00000|100%| O|  |TAMS 0x00000000c0a00000, 0x00000000c0900000| Untracked 
|  10|0x00000000c0a00000, 0x00000000c0b00000, 0x00000000c0b00000|100%| O|  |TAMS 0x00000000c0b00000, 0x00000000c0a00000| Untracked 
|  11|0x00000000c0b00000, 0x00000000c0bffff8, 0x00000000c0c00000| 99%| O|  |TAMS 0x00000000c0bffff8, 0x00000000c0b00000| Untracked 
|  12|0x00000000c0c00000, 0x00000000c0cffff8, 0x00000000c0d00000| 99%| O|  |TAMS 0x00000000c0cffff8, 0x00000000c0c00000| Untracked 
|  13|0x00000000c0d00000, 0x00000000c0e00000, 0x00000000c0e00000|100%| O|  |TAMS 0x00000000c0e00000, 0x00000000c0d00000| Untracked 
|  14|0x00000000c0e00000, 0x00000000c0f00000, 0x00000000c0f00000|100%| O|  |TAMS 0x00000000c0f00000, 0x00000000c0e00000| Untracked 
|  15|0x00000000c0f00000, 0x00000000c1000000, 0x00000000c1000000|100%| O|  |TAMS 0x00000000c1000000, 0x00000000c0f00000| Untracked 
|  16|0x00000000c1000000, 0x00000000c10fffe8, 0x00000000c1100000| 99%| O|  |TAMS 0x00000000c10fffe8, 0x00000000c1000000| Untracked 
|  17|0x00000000c1100000, 0x00000000c11ffe60, 0x00000000c1200000| 99%| O|  |TAMS 0x00000000c11ffe60, 0x00000000c1100000| Untracked 
|  18|0x00000000c1200000, 0x00000000c1300000, 0x00000000c1300000|100%| O|  |TAMS 0x00000000c1300000, 0x00000000c1200000| Untracked 
|  19|0x00000000c1300000, 0x00000000c1400000, 0x00000000c1400000|100%| O|  |TAMS 0x00000000c1400000, 0x00000000c1300000| Untracked 
|  20|0x00000000c1400000, 0x00000000c14fffe0, 0x00000000c1500000| 99%| O|  |TAMS 0x00000000c14fffe0, 0x00000000c1400000| Untracked 
|  21|0x00000000c1500000, 0x00000000c15fffd0, 0x00000000c1600000| 99%| O|  |TAMS 0x00000000c15fffd0, 0x00000000c1500000| Untracked 
|  22|0x00000000c1600000, 0x00000000c16ffff8, 0x00000000c1700000| 99%| O|  |TAMS 0x00000000c16ffff8, 0x00000000c1600000| Untracked 
|  23|0x00000000c1700000, 0x00000000c17ffe58, 0x00000000c1800000| 99%| O|  |TAMS 0x00000000c17ffe58, 0x00000000c1700000| Untracked 
|  24|0x00000000c1800000, 0x00000000c1900000, 0x00000000c1900000|100%| O|  |TAMS 0x00000000c1900000, 0x00000000c1800000| Untracked 
|  25|0x00000000c1900000, 0x00000000c19ffff8, 0x00000000c1a00000| 99%| O|  |TAMS 0x00000000c19ffff8, 0x00000000c1900000| Untracked 
|  26|0x00000000c1a00000, 0x00000000c1afffb8, 0x00000000c1b00000| 99%| O|  |TAMS 0x00000000c1afffb8, 0x00000000c1a00000| Untracked 
|  27|0x00000000c1b00000, 0x00000000c1bfff60, 0x00000000c1c00000| 99%| O|  |TAMS 0x00000000c1bfff60, 0x00000000c1b00000| Untracked 
|  28|0x00000000c1c00000, 0x00000000c1cfffe0, 0x00000000c1d00000| 99%| O|  |TAMS 0x00000000c1cfffe0, 0x00000000c1c00000| Untracked 
|  29|0x00000000c1d00000, 0x00000000c1e00000, 0x00000000c1e00000|100%| O|  |TAMS 0x00000000c1e00000, 0x00000000c1d00000| Untracked 
|  30|0x00000000c1e00000, 0x00000000c1efffa8, 0x00000000c1f00000| 99%| O|  |TAMS 0x00000000c1efffa8, 0x00000000c1e00000| Untracked 
|  31|0x00000000c1f00000, 0x00000000c2000000, 0x00000000c2000000|100%|HS|  |TAMS 0x00000000c2000000, 0x00000000c1f00000| Untracked 
|  32|0x00000000c2000000, 0x00000000c20fcbb8, 0x00000000c2100000| 98%| O|  |TAMS 0x00000000c20fcbb8, 0x00000000c2000000| Untracked 
|  33|0x00000000c2100000, 0x00000000c21fd048, 0x00000000c2200000| 98%| O|  |TAMS 0x00000000c21fd048, 0x00000000c2100000| Untracked 
|  34|0x00000000c2200000, 0x00000000c22ff8c8, 0x00000000c2300000| 99%| O|  |TAMS 0x00000000c22ff8c8, 0x00000000c2200000| Untracked 
|  35|0x00000000c2300000, 0x00000000c23ffff8, 0x00000000c2400000| 99%| O|  |TAMS 0x00000000c23ffff8, 0x00000000c2300000| Untracked 
|  36|0x00000000c2400000, 0x00000000c2500000, 0x00000000c2500000|100%| O|  |TAMS 0x00000000c2500000, 0x00000000c2400000| Untracked 
|  37|0x00000000c2500000, 0x00000000c25ffff0, 0x00000000c2600000| 99%| O|  |TAMS 0x00000000c25ffff0, 0x00000000c2500000| Untracked 
|  38|0x00000000c2600000, 0x00000000c26fb998, 0x00000000c2700000| 98%| O|  |TAMS 0x00000000c26fb998, 0x00000000c2600000| Untracked 
|  39|0x00000000c2700000, 0x00000000c2800000, 0x00000000c2800000|100%| O|  |TAMS 0x00000000c2800000, 0x00000000c2700000| Untracked 
|  40|0x00000000c2800000, 0x00000000c2900000, 0x00000000c2900000|100%| O|  |TAMS 0x00000000c2900000, 0x00000000c2800000| Untracked 
|  41|0x00000000c2900000, 0x00000000c29fffe8, 0x00000000c2a00000| 99%| O|  |TAMS 0x00000000c29fffe8, 0x00000000c2900000| Untracked 
|  42|0x00000000c2a00000, 0x00000000c2b00000, 0x00000000c2b00000|100%|HS|  |TAMS 0x00000000c2b00000, 0x00000000c2a00000| Untracked 
|  43|0x00000000c2b00000, 0x00000000c2bfd220, 0x00000000c2c00000| 98%| O|  |TAMS 0x00000000c2bfd220, 0x00000000c2b00000| Untracked 
|  44|0x00000000c2c00000, 0x00000000c2cffff8, 0x00000000c2d00000| 99%| O|  |TAMS 0x00000000c2cffff8, 0x00000000c2c00000| Untracked 
|  45|0x00000000c2d00000, 0x00000000c2dfffb8, 0x00000000c2e00000| 99%| O|  |TAMS 0x00000000c2dfffb8, 0x00000000c2d00000| Untracked 
|  46|0x00000000c2e00000, 0x00000000c2effff8, 0x00000000c2f00000| 99%| O|  |TAMS 0x00000000c2effff8, 0x00000000c2e00000| Untracked 
|  47|0x00000000c2f00000, 0x00000000c2fff5f8, 0x00000000c3000000| 99%| O|  |TAMS 0x00000000c2fff5f8, 0x00000000c2f00000| Untracked 
|  48|0x00000000c3000000, 0x00000000c30a6b50, 0x00000000c3100000| 65%| O|  |TAMS 0x00000000c3000000, 0x00000000c3000000| Untracked 
|  49|0x00000000c3100000, 0x00000000c31ed3a0, 0x00000000c3200000| 92%| O|  |TAMS 0x00000000c3100000, 0x00000000c3100000| Untracked 
|  50|0x00000000c3200000, 0x00000000c3200000, 0x00000000c3300000|  0%| F|  |TAMS 0x00000000c3200000, 0x00000000c3200000| Untracked 
|  51|0x00000000c3300000, 0x00000000c3300000, 0x00000000c3400000|  0%| F|  |TAMS 0x00000000c3300000, 0x00000000c3300000| Untracked 
|  52|0x00000000c3400000, 0x00000000c3400000, 0x00000000c3500000|  0%| F|  |TAMS 0x00000000c3400000, 0x00000000c3400000| Untracked 
|  53|0x00000000c3500000, 0x00000000c3500000, 0x00000000c3600000|  0%| F|  |TAMS 0x00000000c3500000, 0x00000000c3500000| Untracked 
|  54|0x00000000c3600000, 0x00000000c3600000, 0x00000000c3700000|  0%| F|  |TAMS 0x00000000c3600000, 0x00000000c3600000| Untracked 
|  55|0x00000000c3700000, 0x00000000c3700000, 0x00000000c3800000|  0%| F|  |TAMS 0x00000000c3700000, 0x00000000c3700000| Untracked 
|  56|0x00000000c3800000, 0x00000000c3800000, 0x00000000c3900000|  0%| F|  |TAMS 0x00000000c3800000, 0x00000000c3800000| Untracked 
|  57|0x00000000c3900000, 0x00000000c3900000, 0x00000000c3a00000|  0%| F|  |TAMS 0x00000000c3900000, 0x00000000c3900000| Untracked 
|  58|0x00000000c3a00000, 0x00000000c3a00000, 0x00000000c3b00000|  0%| F|  |TAMS 0x00000000c3a00000, 0x00000000c3a00000| Untracked 
|  59|0x00000000c3b00000, 0x00000000c3b00000, 0x00000000c3c00000|  0%| F|  |TAMS 0x00000000c3b00000, 0x00000000c3b00000| Untracked 
|  60|0x00000000c3c00000, 0x00000000c3c00000, 0x00000000c3d00000|  0%| F|  |TAMS 0x00000000c3c00000, 0x00000000c3c00000| Untracked 
|  61|0x00000000c3d00000, 0x00000000c3d00000, 0x00000000c3e00000|  0%| F|  |TAMS 0x00000000c3d00000, 0x00000000c3d00000| Untracked 
|  62|0x00000000c3e00000, 0x00000000c3e00000, 0x00000000c3f00000|  0%| F|  |TAMS 0x00000000c3e00000, 0x00000000c3e00000| Untracked 
|  63|0x00000000c3f00000, 0x00000000c3f00000, 0x00000000c4000000|  0%| F|  |TAMS 0x00000000c3f00000, 0x00000000c3f00000| Untracked 
|  64|0x00000000c4000000, 0x00000000c4000000, 0x00000000c4100000|  0%| F|  |TAMS 0x00000000c4000000, 0x00000000c4000000| Untracked 
|  65|0x00000000c4100000, 0x00000000c4100000, 0x00000000c4200000|  0%| F|  |TAMS 0x00000000c4100000, 0x00000000c4100000| Untracked 
|  66|0x00000000c4200000, 0x00000000c4200000, 0x00000000c4300000|  0%| F|  |TAMS 0x00000000c4200000, 0x00000000c4200000| Untracked 
|  67|0x00000000c4300000, 0x00000000c4300000, 0x00000000c4400000|  0%| F|  |TAMS 0x00000000c4300000, 0x00000000c4300000| Untracked 
|  68|0x00000000c4400000, 0x00000000c4400000, 0x00000000c4500000|  0%| F|  |TAMS 0x00000000c4400000, 0x00000000c4400000| Untracked 
|  69|0x00000000c4500000, 0x00000000c4500000, 0x00000000c4600000|  0%| F|  |TAMS 0x00000000c4500000, 0x00000000c4500000| Untracked 
|  70|0x00000000c4600000, 0x00000000c4600000, 0x00000000c4700000|  0%| F|  |TAMS 0x00000000c4600000, 0x00000000c4600000| Untracked 
|  71|0x00000000c4700000, 0x00000000c4700000, 0x00000000c4800000|  0%| F|  |TAMS 0x00000000c4700000, 0x00000000c4700000| Untracked 
|  72|0x00000000c4800000, 0x00000000c4800000, 0x00000000c4900000|  0%| F|  |TAMS 0x00000000c4800000, 0x00000000c4800000| Untracked 
|  73|0x00000000c4900000, 0x00000000c4900000, 0x00000000c4a00000|  0%| F|  |TAMS 0x00000000c4900000, 0x00000000c4900000| Untracked 
|  74|0x00000000c4a00000, 0x00000000c4a00000, 0x00000000c4b00000|  0%| F|  |TAMS 0x00000000c4a00000, 0x00000000c4a00000| Untracked 
|  75|0x00000000c4b00000, 0x00000000c4b00000, 0x00000000c4c00000|  0%| F|  |TAMS 0x00000000c4b00000, 0x00000000c4b00000| Untracked 
|  76|0x00000000c4c00000, 0x00000000c4c00000, 0x00000000c4d00000|  0%| F|  |TAMS 0x00000000c4c00000, 0x00000000c4c00000| Untracked 
|  77|0x00000000c4d00000, 0x00000000c4d00000, 0x00000000c4e00000|  0%| F|  |TAMS 0x00000000c4d00000, 0x00000000c4d00000| Untracked 
|  78|0x00000000c4e00000, 0x00000000c4e00000, 0x00000000c4f00000|  0%| F|  |TAMS 0x00000000c4e00000, 0x00000000c4e00000| Untracked 
|  79|0x00000000c4f00000, 0x00000000c4f00000, 0x00000000c5000000|  0%| F|  |TAMS 0x00000000c4f00000, 0x00000000c4f00000| Untracked 
|  80|0x00000000c5000000, 0x00000000c5000000, 0x00000000c5100000|  0%| F|  |TAMS 0x00000000c5000000, 0x00000000c5000000| Untracked 
|  81|0x00000000c5100000, 0x00000000c5100000, 0x00000000c5200000|  0%| F|  |TAMS 0x00000000c5100000, 0x00000000c5100000| Untracked 
|  82|0x00000000c5200000, 0x00000000c5200000, 0x00000000c5300000|  0%| F|  |TAMS 0x00000000c5200000, 0x00000000c5200000| Untracked 
|  83|0x00000000c5300000, 0x00000000c5300000, 0x00000000c5400000|  0%| F|  |TAMS 0x00000000c5300000, 0x00000000c5300000| Untracked 
|  84|0x00000000c5400000, 0x00000000c5400000, 0x00000000c5500000|  0%| F|  |TAMS 0x00000000c5400000, 0x00000000c5400000| Untracked 
|  85|0x00000000c5500000, 0x00000000c5500000, 0x00000000c5600000|  0%| F|  |TAMS 0x00000000c5500000, 0x00000000c5500000| Untracked 
|  86|0x00000000c5600000, 0x00000000c5600000, 0x00000000c5700000|  0%| F|  |TAMS 0x00000000c5600000, 0x00000000c5600000| Untracked 
|  87|0x00000000c5700000, 0x00000000c5700000, 0x00000000c5800000|  0%| F|  |TAMS 0x00000000c5700000, 0x00000000c5700000| Untracked 
|  88|0x00000000c5800000, 0x00000000c5800000, 0x00000000c5900000|  0%| F|  |TAMS 0x00000000c5800000, 0x00000000c5800000| Untracked 
|  89|0x00000000c5900000, 0x00000000c5900000, 0x00000000c5a00000|  0%| F|  |TAMS 0x00000000c5900000, 0x00000000c5900000| Untracked 
|  90|0x00000000c5a00000, 0x00000000c5a00000, 0x00000000c5b00000|  0%| F|  |TAMS 0x00000000c5a00000, 0x00000000c5a00000| Untracked 
|  91|0x00000000c5b00000, 0x00000000c5b00000, 0x00000000c5c00000|  0%| F|  |TAMS 0x00000000c5b00000, 0x00000000c5b00000| Untracked 
|  92|0x00000000c5c00000, 0x00000000c5c00000, 0x00000000c5d00000|  0%| F|  |TAMS 0x00000000c5c00000, 0x00000000c5c00000| Untracked 
|  93|0x00000000c5d00000, 0x00000000c5d00000, 0x00000000c5e00000|  0%| F|  |TAMS 0x00000000c5d00000, 0x00000000c5d00000| Untracked 
|  94|0x00000000c5e00000, 0x00000000c5e00000, 0x00000000c5f00000|  0%| F|  |TAMS 0x00000000c5e00000, 0x00000000c5e00000| Untracked 
|  95|0x00000000c5f00000, 0x00000000c5f00000, 0x00000000c6000000|  0%| F|  |TAMS 0x00000000c5f00000, 0x00000000c5f00000| Untracked 
|  96|0x00000000c6000000, 0x00000000c6000000, 0x00000000c6100000|  0%| F|  |TAMS 0x00000000c6000000, 0x00000000c6000000| Untracked 
|  97|0x00000000c6100000, 0x00000000c6100000, 0x00000000c6200000|  0%| F|  |TAMS 0x00000000c6100000, 0x00000000c6100000| Untracked 
|  98|0x00000000c6200000, 0x00000000c6200000, 0x00000000c6300000|  0%| F|  |TAMS 0x00000000c6200000, 0x00000000c6200000| Untracked 
|  99|0x00000000c6300000, 0x00000000c6300000, 0x00000000c6400000|  0%| F|  |TAMS 0x00000000c6300000, 0x00000000c6300000| Untracked 
| 100|0x00000000c6400000, 0x00000000c6400000, 0x00000000c6500000|  0%| F|  |TAMS 0x00000000c6400000, 0x00000000c6400000| Untracked 
| 101|0x00000000c6500000, 0x00000000c6500000, 0x00000000c6600000|  0%| F|  |TAMS 0x00000000c6500000, 0x00000000c6500000| Untracked 
| 102|0x00000000c6600000, 0x00000000c6600000, 0x00000000c6700000|  0%| F|  |TAMS 0x00000000c6600000, 0x00000000c6600000| Untracked 
| 103|0x00000000c6700000, 0x00000000c6700000, 0x00000000c6800000|  0%| F|  |TAMS 0x00000000c6700000, 0x00000000c6700000| Untracked 
| 104|0x00000000c6800000, 0x00000000c6800000, 0x00000000c6900000|  0%| F|  |TAMS 0x00000000c6800000, 0x00000000c6800000| Untracked 
| 105|0x00000000c6900000, 0x00000000c6900000, 0x00000000c6a00000|  0%| F|  |TAMS 0x00000000c6900000, 0x00000000c6900000| Untracked 
| 106|0x00000000c6a00000, 0x00000000c6a00000, 0x00000000c6b00000|  0%| F|  |TAMS 0x00000000c6a00000, 0x00000000c6a00000| Untracked 
| 107|0x00000000c6b00000, 0x00000000c6b00000, 0x00000000c6c00000|  0%| F|  |TAMS 0x00000000c6b00000, 0x00000000c6b00000| Untracked 
| 108|0x00000000c6c00000, 0x00000000c6c00000, 0x00000000c6d00000|  0%| F|  |TAMS 0x00000000c6c00000, 0x00000000c6c00000| Untracked 
| 109|0x00000000c6d00000, 0x00000000c6d00000, 0x00000000c6e00000|  0%| F|  |TAMS 0x00000000c6d00000, 0x00000000c6d00000| Untracked 
| 110|0x00000000c6e00000, 0x00000000c6e00000, 0x00000000c6f00000|  0%| F|  |TAMS 0x00000000c6e00000, 0x00000000c6e00000| Untracked 
| 111|0x00000000c6f00000, 0x00000000c6f00000, 0x00000000c7000000|  0%| F|  |TAMS 0x00000000c6f00000, 0x00000000c6f00000| Untracked 
| 112|0x00000000c7000000, 0x00000000c7000000, 0x00000000c7100000|  0%| F|  |TAMS 0x00000000c7000000, 0x00000000c7000000| Untracked 
| 113|0x00000000c7100000, 0x00000000c7100000, 0x00000000c7200000|  0%| F|  |TAMS 0x00000000c7100000, 0x00000000c7100000| Untracked 
| 114|0x00000000c7200000, 0x00000000c7200000, 0x00000000c7300000|  0%| F|  |TAMS 0x00000000c7200000, 0x00000000c7200000| Untracked 
| 115|0x00000000c7300000, 0x00000000c7300000, 0x00000000c7400000|  0%| F|  |TAMS 0x00000000c7300000, 0x00000000c7300000| Untracked 
| 116|0x00000000c7400000, 0x00000000c7400000, 0x00000000c7500000|  0%| F|  |TAMS 0x00000000c7400000, 0x00000000c7400000| Untracked 
| 117|0x00000000c7500000, 0x00000000c7500000, 0x00000000c7600000|  0%| F|  |TAMS 0x00000000c7500000, 0x00000000c7500000| Untracked 
| 118|0x00000000c7600000, 0x00000000c7600000, 0x00000000c7700000|  0%| F|  |TAMS 0x00000000c7600000, 0x00000000c7600000| Untracked 
| 119|0x00000000c7700000, 0x00000000c7700000, 0x00000000c7800000|  0%| F|  |TAMS 0x00000000c7700000, 0x00000000c7700000| Untracked 
| 120|0x00000000c7800000, 0x00000000c7800000, 0x00000000c7900000|  0%| F|  |TAMS 0x00000000c7800000, 0x00000000c7800000| Untracked 
| 121|0x00000000c7900000, 0x00000000c7900000, 0x00000000c7a00000|  0%| F|  |TAMS 0x00000000c7900000, 0x00000000c7900000| Untracked 
| 122|0x00000000c7a00000, 0x00000000c7a00000, 0x00000000c7b00000|  0%| F|  |TAMS 0x00000000c7a00000, 0x00000000c7a00000| Untracked 
| 123|0x00000000c7b00000, 0x00000000c7b00000, 0x00000000c7c00000|  0%| F|  |TAMS 0x00000000c7b00000, 0x00000000c7b00000| Untracked 
| 124|0x00000000c7c00000, 0x00000000c7c00000, 0x00000000c7d00000|  0%| F|  |TAMS 0x00000000c7c00000, 0x00000000c7c00000| Untracked 
| 125|0x00000000c7d00000, 0x00000000c7d00000, 0x00000000c7e00000|  0%| F|  |TAMS 0x00000000c7d00000, 0x00000000c7d00000| Untracked 
| 126|0x00000000c7e00000, 0x00000000c7e00000, 0x00000000c7f00000|  0%| F|  |TAMS 0x00000000c7e00000, 0x00000000c7e00000| Untracked 
| 127|0x00000000c7f00000, 0x00000000c7f00000, 0x00000000c8000000|  0%| F|  |TAMS 0x00000000c7f00000, 0x00000000c7f00000| Untracked 
| 128|0x00000000c8000000, 0x00000000c8000000, 0x00000000c8100000|  0%| F|  |TAMS 0x00000000c8000000, 0x00000000c8000000| Untracked 
| 129|0x00000000c8100000, 0x00000000c8100000, 0x00000000c8200000|  0%| F|  |TAMS 0x00000000c8100000, 0x00000000c8100000| Untracked 
| 130|0x00000000c8200000, 0x00000000c8200000, 0x00000000c8300000|  0%| F|  |TAMS 0x00000000c8200000, 0x00000000c8200000| Untracked 
| 131|0x00000000c8300000, 0x00000000c8300000, 0x00000000c8400000|  0%| F|  |TAMS 0x00000000c8300000, 0x00000000c8300000| Untracked 
| 132|0x00000000c8400000, 0x00000000c8400000, 0x00000000c8500000|  0%| F|  |TAMS 0x00000000c8400000, 0x00000000c8400000| Untracked 
| 133|0x00000000c8500000, 0x00000000c8500000, 0x00000000c8600000|  0%| F|  |TAMS 0x00000000c8500000, 0x00000000c8500000| Untracked 
| 134|0x00000000c8600000, 0x00000000c8600000, 0x00000000c8700000|  0%| F|  |TAMS 0x00000000c8600000, 0x00000000c8600000| Untracked 
| 135|0x00000000c8700000, 0x00000000c8700000, 0x00000000c8800000|  0%| F|  |TAMS 0x00000000c8700000, 0x00000000c8700000| Untracked 
| 136|0x00000000c8800000, 0x00000000c8800000, 0x00000000c8900000|  0%| F|  |TAMS 0x00000000c8800000, 0x00000000c8800000| Untracked 
| 137|0x00000000c8900000, 0x00000000c8900000, 0x00000000c8a00000|  0%| F|  |TAMS 0x00000000c8900000, 0x00000000c8900000| Untracked 
| 138|0x00000000c8a00000, 0x00000000c8a00000, 0x00000000c8b00000|  0%| F|  |TAMS 0x00000000c8a00000, 0x00000000c8a00000| Untracked 
| 139|0x00000000c8b00000, 0x00000000c8b00000, 0x00000000c8c00000|  0%| F|  |TAMS 0x00000000c8b00000, 0x00000000c8b00000| Untracked 
| 140|0x00000000c8c00000, 0x00000000c8c00000, 0x00000000c8d00000|  0%| F|  |TAMS 0x00000000c8c00000, 0x00000000c8c00000| Untracked 
| 141|0x00000000c8d00000, 0x00000000c8d00000, 0x00000000c8e00000|  0%| F|  |TAMS 0x00000000c8d00000, 0x00000000c8d00000| Untracked 
| 142|0x00000000c8e00000, 0x00000000c8e00000, 0x00000000c8f00000|  0%| F|  |TAMS 0x00000000c8e00000, 0x00000000c8e00000| Untracked 
| 143|0x00000000c8f00000, 0x00000000c8f00000, 0x00000000c9000000|  0%| F|  |TAMS 0x00000000c8f00000, 0x00000000c8f00000| Untracked 
| 144|0x00000000c9000000, 0x00000000c9000000, 0x00000000c9100000|  0%| F|  |TAMS 0x00000000c9000000, 0x00000000c9000000| Untracked 
| 145|0x00000000c9100000, 0x00000000c9100000, 0x00000000c9200000|  0%| F|  |TAMS 0x00000000c9100000, 0x00000000c9100000| Untracked 
| 146|0x00000000c9200000, 0x00000000c9200000, 0x00000000c9300000|  0%| F|  |TAMS 0x00000000c9200000, 0x00000000c9200000| Untracked 
| 147|0x00000000c9300000, 0x00000000c9300000, 0x00000000c9400000|  0%| F|  |TAMS 0x00000000c9300000, 0x00000000c9300000| Untracked 
| 148|0x00000000c9400000, 0x00000000c9400000, 0x00000000c9500000|  0%| F|  |TAMS 0x00000000c9400000, 0x00000000c9400000| Untracked 
| 149|0x00000000c9500000, 0x00000000c95060e0, 0x00000000c9600000|  2%| E|  |TAMS 0x00000000c9500000, 0x00000000c9500000| Complete 

Card table byte_map: [0x000001fd354f0000,0x000001fd356f0000] _byte_map_base: 0x000001fd34ef0000

Marking Bits (Prev, Next): (CMBitMap*) 0x000001fd2f376300, (CMBitMap*) 0x000001fd2f376340
 Prev Bits: [0x000001fd358f0000, 0x000001fd368f0000)
 Next Bits: [0x000001fd368f0000, 0x000001fd378f0000)

Polling page: 0x000001fd2d320000

Metaspace:

Usage:
  Non-class:     55.65 MB used.
      Class:      7.96 MB used.
       Both:     63.61 MB used.

Virtual space:
  Non-class space:       64.00 MB reserved,      55.88 MB ( 87%) committed,  1 nodes.
      Class space:        1.00 GB reserved,       8.19 MB ( <1%) committed,  1 nodes.
             Both:        1.06 GB reserved,      64.06 MB (  6%) committed. 

Chunk freelists:
   Non-Class:  8.03 MB
       Class:  7.73 MB
        Both:  15.76 MB

MaxMetaspaceSize: unlimited
CompressedClassSpaceSize: 1.00 GB
Initial GC threshold: 21.00 MB
Current GC threshold: 106.56 MB
CDS: off
MetaspaceReclaimPolicy: balanced
 - commit_granule_bytes: 65536.
 - commit_granule_words: 8192.
 - virtual_space_node_default_size: 8388608.
 - enlarge_chunks_in_place: 1.
 - new_chunks_are_fully_committed: 0.
 - uncommit_free_chunks: 1.
 - use_allocation_guard: 0.
 - handle_deallocations: 1.


Internal statistics:

num_allocs_failed_limit: 6.
num_arena_births: 874.
num_arena_deaths: 338.
num_vsnodes_births: 2.
num_vsnodes_deaths: 0.
num_space_committed: 1024.
num_space_uncommitted: 0.
num_chunks_returned_to_freelist: 426.
num_chunks_taken_from_freelist: 3140.
num_chunk_merges: 130.
num_chunk_splits: 2024.
num_chunks_enlarged: 1504.
num_inconsistent_stats: 0.

CodeCache: size=49152Kb used=22864Kb max_used=24011Kb free=26287Kb
 bounds [0x000001fd31fc0000, 0x000001fd337c0000, 0x000001fd34fc0000]
 total_blobs=12396 nmethods=11710 adapters=611
 compilation: enabled
              stopped_count=0, restarted_count=0
 full_count=0

Compilation events (20 events):
Event: 8201.155 Thread 0x000001fd3a6eb620 11703       1       org.springframework.ide.vscode.commons.util.BasicFileObserver::lambda$notify$2 (32 bytes)
Event: 8201.155 Thread 0x000001fd3a6eb620 nmethod 11703 0x000001fd335d0210 code [0x000001fd335d0400, 0x000001fd335d0888]
Event: 8201.155 Thread 0x000001fd3a6eb620 11704       1       org.springframework.ide.vscode.commons.util.BasicFileObserver$$Lambda$1204/0x0000000100570218::<init> (10 bytes)
Event: 8201.156 Thread 0x000001fd3a6eb620 nmethod 11704 0x000001fd334c4d10 code [0x000001fd334c4ea0, 0x000001fd334c4fb8]
Event: 8250.336 Thread 0x000001fd3a6eb620 11705       1       java.util.stream.Collectors$$Lambda$1115/0x00000001006ca7c8::accept (21 bytes)
Event: 8250.336 Thread 0x000001fd3a6eb620 nmethod 11705 0x000001fd335cfe90 code [0x000001fd335d0020, 0x000001fd335d0168]
Event: 8250.336 Thread 0x000001fd3a6eb620 11706       1       java.util.stream.Collectors::lambda$groupingBy$53 (43 bytes)
Event: 8250.337 Thread 0x000001fd3a6eb620 nmethod 11706 0x000001fd335cf810 code [0x000001fd335cf9e0, 0x000001fd335cfc88]
Event: 8250.337 Thread 0x000001fd3a6eb620 11707       1       java.util.stream.Collectors$$Lambda$1116/0x00000001006ca9f8::<init> (10 bytes)
Event: 8250.337 Thread 0x000001fd3a6eb620 nmethod 11707 0x000001fd335cf510 code [0x000001fd335cf6a0, 0x000001fd335cf7b8]
Event: 8250.339 Thread 0x000001fd3a6eb620 11708       1       sun.nio.fs.WindowsPath$WindowsPathWithAttributes::toAbsolutePath (5 bytes)
Event: 8250.339 Thread 0x000001fd3a6eb620 nmethod 11708 0x000001fd335cf210 code [0x000001fd335cf3a0, 0x000001fd335cf488]
Event: 8266.778 Thread 0x000001fd3a6eb620 11709       1       org.eclipse.lsp4j.FileEvent::getType (5 bytes)
Event: 8266.778 Thread 0x000001fd3a6eb620 nmethod 11709 0x000001fd335cef10 code [0x000001fd335cf0a0, 0x000001fd335cf178]
Event: 8266.780 Thread 0x000001fd3a6eb620 11710       1       sun.nio.fs.WindowsNativeDispatcher$FirstFile::handle (5 bytes)
Event: 8266.780 Thread 0x000001fd3a6eb620 nmethod 11710 0x000001fd335cec10 code [0x000001fd335ceda0, 0x000001fd335cee78]
Event: 8266.780 Thread 0x000001fd3a6eb620 11711       1       sun.nio.fs.WindowsNativeDispatcher$FirstFile::name (5 bytes)
Event: 8266.780 Thread 0x000001fd3a6eb620 nmethod 11711 0x000001fd335ce910 code [0x000001fd335ceaa0, 0x000001fd335ceb78]
Event: 10236.913 Thread 0x000001fd3a6eb620 11712   !   1       java.util.concurrent.ThreadPoolExecutor::runWorker (187 bytes)
Event: 10236.954 Thread 0x000001fd3a6eb620 nmethod 11712 0x000001fd335cdb90 code [0x000001fd335cddc0, 0x000001fd335ce418]

GC Heap History (20 events):
Event: 11013.184 GC heap before
{Heap before GC invocations=887 (full 826):
 garbage-first heap   total 153600K, used 50707K [0x00000000c0000000, 0x0000000100000000)
  region size 1024K, 1 young (1024K), 0 survivors (0K)
 Metaspace       used 65140K, committed 65600K, reserved 1114112K
  class space    used 8153K, committed 8384K, reserved 1048576K
}
Event: 11013.219 GC heap after
{Heap after GC invocations=888 (full 827):
 garbage-first heap   total 153600K, used 50707K [0x00000000c0000000, 0x0000000100000000)
  region size 1024K, 0 young (0K), 0 survivors (0K)
 Metaspace       used 65140K, committed 65600K, reserved 1114112K
  class space    used 8153K, committed 8384K, reserved 1048576K
}
Event: 11023.356 GC heap before
{Heap before GC invocations=888 (full 827):
 garbage-first heap   total 153600K, used 50707K [0x00000000c0000000, 0x0000000100000000)
  region size 1024K, 1 young (1024K), 0 survivors (0K)
 Metaspace       used 65140K, committed 65600K, reserved 1114112K
  class space    used 8153K, committed 8384K, reserved 1048576K
}
Event: 11023.391 GC heap after
{Heap after GC invocations=889 (full 828):
 garbage-first heap   total 153600K, used 50707K [0x00000000c0000000, 0x0000000100000000)
  region size 1024K, 0 young (0K), 0 survivors (0K)
 Metaspace       used 65140K, committed 65600K, reserved 1114112K
  class space    used 8153K, committed 8384K, reserved 1048576K
}
Event: 11033.543 GC heap before
{Heap before GC invocations=889 (full 828):
 garbage-first heap   total 153600K, used 50707K [0x00000000c0000000, 0x0000000100000000)
  region size 1024K, 1 young (1024K), 0 survivors (0K)
 Metaspace       used 65140K, committed 65600K, reserved 1114112K
  class space    used 8153K, committed 8384K, reserved 1048576K
}
Event: 11033.576 GC heap after
{Heap after GC invocations=890 (full 829):
 garbage-first heap   total 153600K, used 50707K [0x00000000c0000000, 0x0000000100000000)
  region size 1024K, 0 young (0K), 0 survivors (0K)
 Metaspace       used 65140K, committed 65600K, reserved 1114112K
  class space    used 8153K, committed 8384K, reserved 1048576K
}
Event: 11043.719 GC heap before
{Heap before GC invocations=890 (full 829):
 garbage-first heap   total 153600K, used 50707K [0x00000000c0000000, 0x0000000100000000)
  region size 1024K, 1 young (1024K), 0 survivors (0K)
 Metaspace       used 65140K, committed 65600K, reserved 1114112K
  class space    used 8153K, committed 8384K, reserved 1048576K
}
Event: 11043.759 GC heap after
{Heap after GC invocations=891 (full 830):
 garbage-first heap   total 153600K, used 50707K [0x00000000c0000000, 0x0000000100000000)
  region size 1024K, 0 young (0K), 0 survivors (0K)
 Metaspace       used 65140K, committed 65600K, reserved 1114112K
  class space    used 8153K, committed 8384K, reserved 1048576K
}
Event: 11053.909 GC heap before
{Heap before GC invocations=891 (full 830):
 garbage-first heap   total 153600K, used 50707K [0x00000000c0000000, 0x0000000100000000)
  region size 1024K, 1 young (1024K), 0 survivors (0K)
 Metaspace       used 65140K, committed 65600K, reserved 1114112K
  class space    used 8153K, committed 8384K, reserved 1048576K
}
Event: 11053.943 GC heap after
{Heap after GC invocations=892 (full 831):
 garbage-first heap   total 153600K, used 50707K [0x00000000c0000000, 0x0000000100000000)
  region size 1024K, 0 young (0K), 0 survivors (0K)
 Metaspace       used 65140K, committed 65600K, reserved 1114112K
  class space    used 8153K, committed 8384K, reserved 1048576K
}
Event: 11064.085 GC heap before
{Heap before GC invocations=892 (full 831):
 garbage-first heap   total 153600K, used 50707K [0x00000000c0000000, 0x0000000100000000)
  region size 1024K, 1 young (1024K), 0 survivors (0K)
 Metaspace       used 65140K, committed 65600K, reserved 1114112K
  class space    used 8153K, committed 8384K, reserved 1048576K
}
Event: 11064.124 GC heap after
{Heap after GC invocations=893 (full 832):
 garbage-first heap   total 153600K, used 50707K [0x00000000c0000000, 0x0000000100000000)
  region size 1024K, 0 young (0K), 0 survivors (0K)
 Metaspace       used 65140K, committed 65600K, reserved 1114112K
  class space    used 8153K, committed 8384K, reserved 1048576K
}
Event: 11074.279 GC heap before
{Heap before GC invocations=893 (full 832):
 garbage-first heap   total 153600K, used 50707K [0x00000000c0000000, 0x0000000100000000)
  region size 1024K, 1 young (1024K), 0 survivors (0K)
 Metaspace       used 65140K, committed 65600K, reserved 1114112K
  class space    used 8153K, committed 8384K, reserved 1048576K
}
Event: 11074.314 GC heap after
{Heap after GC invocations=894 (full 833):
 garbage-first heap   total 153600K, used 50707K [0x00000000c0000000, 0x0000000100000000)
  region size 1024K, 0 young (0K), 0 survivors (0K)
 Metaspace       used 65140K, committed 65600K, reserved 1114112K
  class space    used 8153K, committed 8384K, reserved 1048576K
}
Event: 11084.458 GC heap before
{Heap before GC invocations=894 (full 833):
 garbage-first heap   total 153600K, used 50707K [0x00000000c0000000, 0x0000000100000000)
  region size 1024K, 1 young (1024K), 0 survivors (0K)
 Metaspace       used 65140K, committed 65600K, reserved 1114112K
  class space    used 8153K, committed 8384K, reserved 1048576K
}
Event: 11084.496 GC heap after
{Heap after GC invocations=895 (full 834):
 garbage-first heap   total 153600K, used 50707K [0x00000000c0000000, 0x0000000100000000)
  region size 1024K, 0 young (0K), 0 survivors (0K)
 Metaspace       used 65140K, committed 65600K, reserved 1114112K
  class space    used 8153K, committed 8384K, reserved 1048576K
}
Event: 11094.647 GC heap before
{Heap before GC invocations=895 (full 834):
 garbage-first heap   total 153600K, used 50707K [0x00000000c0000000, 0x0000000100000000)
  region size 1024K, 1 young (1024K), 0 survivors (0K)
 Metaspace       used 65140K, committed 65600K, reserved 1114112K
  class space    used 8153K, committed 8384K, reserved 1048576K
}
Event: 11094.691 GC heap after
{Heap after GC invocations=896 (full 835):
 garbage-first heap   total 153600K, used 50707K [0x00000000c0000000, 0x0000000100000000)
  region size 1024K, 0 young (0K), 0 survivors (0K)
 Metaspace       used 65140K, committed 65600K, reserved 1114112K
  class space    used 8153K, committed 8384K, reserved 1048576K
}
Event: 11104.834 GC heap before
{Heap before GC invocations=896 (full 835):
 garbage-first heap   total 153600K, used 50707K [0x00000000c0000000, 0x0000000100000000)
  region size 1024K, 1 young (1024K), 0 survivors (0K)
 Metaspace       used 65140K, committed 65600K, reserved 1114112K
  class space    used 8153K, committed 8384K, reserved 1048576K
}
Event: 11104.871 GC heap after
{Heap after GC invocations=897 (full 836):
 garbage-first heap   total 153600K, used 50707K [0x00000000c0000000, 0x0000000100000000)
  region size 1024K, 0 young (0K), 0 survivors (0K)
 Metaspace       used 65140K, committed 65600K, reserved 1114112K
  class space    used 8153K, committed 8384K, reserved 1048576K
}

Dll operation events (10 events):
Event: 0.016 Loaded shared library c:\Users\taiph\.vscode\extensions\redhat.java-1.33.0-win32-x64\jre\17.0.11-win32-x86_64\bin\java.dll
Event: 0.555 Loaded shared library C:\Users\taiph\.vscode\extensions\redhat.java-1.33.0-win32-x64\jre\17.0.11-win32-x86_64\bin\net.dll
Event: 0.559 Loaded shared library C:\Users\taiph\.vscode\extensions\redhat.java-1.33.0-win32-x64\jre\17.0.11-win32-x86_64\bin\nio.dll
Event: 1.227 Loaded shared library C:\Users\taiph\.vscode\extensions\redhat.java-1.33.0-win32-x64\jre\17.0.11-win32-x86_64\bin\zip.dll
Event: 12.947 Loaded shared library C:\Users\taiph\.vscode\extensions\redhat.java-1.33.0-win32-x64\jre\17.0.11-win32-x86_64\bin\jimage.dll
Event: 16.391 Loaded shared library c:\Users\taiph\.vscode\extensions\redhat.java-1.33.0-win32-x64\jre\17.0.11-win32-x86_64\bin\verify.dll
Event: 27.787 Loaded shared library C:\Users\taiph\.vscode\extensions\redhat.java-1.33.0-win32-x64\jre\17.0.11-win32-x86_64\bin\management.dll
Event: 27.795 Loaded shared library C:\Users\taiph\.vscode\extensions\redhat.java-1.33.0-win32-x64\jre\17.0.11-win32-x86_64\bin\management_ext.dll
Event: 29.672 Loaded shared library C:\Users\taiph\.vscode\extensions\redhat.java-1.33.0-win32-x64\jre\17.0.11-win32-x86_64\bin\sunmscapi.dll
Event: 30.304 Loaded shared library C:\Users\taiph\.vscode\extensions\redhat.java-1.33.0-win32-x64\jre\17.0.11-win32-x86_64\bin\extnet.dll

Deoptimization events (20 events):
Event: 31.216 Thread 0x000001fd405b5390 DEOPT PACKING pc=0x000001fd329ae1a6 sp=0x00000058660fe420
Event: 31.216 Thread 0x000001fd405b5390 DEOPT UNPACKING pc=0x000001fd32017143 sp=0x00000058660fd9a8 mode 0
Event: 32.444 Thread 0x000001fd405b5390 DEOPT PACKING pc=0x000001fd3255b1d2 sp=0x00000058660fd960
Event: 32.444 Thread 0x000001fd405b5390 DEOPT UNPACKING pc=0x000001fd32017143 sp=0x00000058660fce68 mode 3
Event: 32.889 Thread 0x000001fd405b5390 DEOPT PACKING pc=0x000001fd32e782dc sp=0x00000058660fe680
Event: 32.889 Thread 0x000001fd405b5390 DEOPT UNPACKING pc=0x000001fd32017143 sp=0x00000058660fdbb0 mode 0
Event: 33.965 Thread 0x000001fd405b5390 DEOPT PACKING pc=0x000001fd32d7330c sp=0x00000058660fe180
Event: 33.965 Thread 0x000001fd405b5390 DEOPT UNPACKING pc=0x000001fd32017143 sp=0x00000058660fd700 mode 0
Event: 33.966 Thread 0x000001fd405b5390 DEOPT PACKING pc=0x000001fd32d7330c sp=0x00000058660fe3e0
Event: 33.966 Thread 0x000001fd405b5390 DEOPT UNPACKING pc=0x000001fd32017143 sp=0x00000058660fd960 mode 0
Event: 33.997 Thread 0x000001fd405b5390 DEOPT PACKING pc=0x000001fd32d7330c sp=0x00000058660fe860
Event: 33.997 Thread 0x000001fd405b5390 DEOPT UNPACKING pc=0x000001fd32017143 sp=0x00000058660fdde0 mode 0
Event: 70.720 Thread 0x000001fd4002fa90 DEOPT PACKING pc=0x000001fd3265c154 sp=0x0000005865afeda0
Event: 70.720 Thread 0x000001fd4002fa90 DEOPT UNPACKING pc=0x000001fd32017143 sp=0x0000005865afe248 mode 0
Event: 2750.226 Thread 0x000001fd407c5920 DEOPT PACKING pc=0x000001fd32a12fb4 sp=0x00000058637fe520
Event: 2750.228 Thread 0x000001fd407c5920 DEOPT UNPACKING pc=0x000001fd32017143 sp=0x00000058637fda68 mode 0
Event: 2750.755 Thread 0x000001fd407c1c60 DEOPT PACKING pc=0x000001fd321f8afc sp=0x00000058672fdc60
Event: 2750.755 Thread 0x000001fd407c1c60 DEOPT UNPACKING pc=0x000001fd32017143 sp=0x00000058672fd120 mode 0
Event: 2919.560 Thread 0x000001fd407c5920 DEOPT PACKING pc=0x000001fd331d68a6 sp=0x00000058637fe990
Event: 2919.561 Thread 0x000001fd407c5920 DEOPT UNPACKING pc=0x000001fd32017143 sp=0x00000058637fdf50 mode 0

Classes unloaded (20 events):
Event: 3301.775 Thread 0x000001fd3a5938a0 Unloading class 0x0000000100841400 'jdk/internal/reflect/GeneratedConstructorAccessor71'
Event: 3301.775 Thread 0x000001fd3a5938a0 Unloading class 0x000000010083b400 'jdk/internal/reflect/GeneratedMethodAccessor26'
Event: 3301.775 Thread 0x000001fd3a5938a0 Unloading class 0x000000010083b000 'jdk/internal/reflect/GeneratedConstructorAccessor65'
Event: 3301.775 Thread 0x000001fd3a5938a0 Unloading class 0x000000010083ac00 'jdk/internal/reflect/GeneratedMethodAccessor25'
Event: 3301.775 Thread 0x000001fd3a5938a0 Unloading class 0x000000010083a800 'jdk/internal/reflect/GeneratedConstructorAccessor64'
Event: 3301.775 Thread 0x000001fd3a5938a0 Unloading class 0x000000010083a400 'jdk/internal/reflect/GeneratedMethodAccessor24'
Event: 3301.775 Thread 0x000001fd3a5938a0 Unloading class 0x000000010083a000 'jdk/internal/reflect/GeneratedMethodAccessor23'
Event: 3301.775 Thread 0x000001fd3a5938a0 Unloading class 0x0000000100839c00 'jdk/internal/reflect/GeneratedMethodAccessor22'
Event: 3852.265 Thread 0x000001fd3a5938a0 Unloading class 0x0000000100839000 'java/lang/invoke/LambdaForm$MH+0x0000000100839000'
Event: 3852.265 Thread 0x000001fd3a5938a0 Unloading class 0x0000000100839c00 'java/lang/invoke/LambdaForm$MH+0x0000000100839c00'
Event: 3852.265 Thread 0x000001fd3a5938a0 Unloading class 0x0000000100841400 'java/lang/invoke/LambdaForm$MH+0x0000000100841400'
Event: 4715.100 Thread 0x000001fd3a5938a0 Unloading class 0x0000000100838800 'jdk/internal/reflect/GeneratedConstructorAccessor75'
Event: 4715.100 Thread 0x000001fd3a5938a0 Unloading class 0x000000010083b400 'jdk/internal/reflect/GeneratedConstructorAccessor74'
Event: 4715.100 Thread 0x000001fd3a5938a0 Unloading class 0x00000001005c5800 'java/lang/invoke/LambdaForm$MH+0x00000001005c5800'
Event: 4715.100 Thread 0x000001fd3a5938a0 Unloading class 0x00000001007aa800 'java/lang/invoke/LambdaForm$MH+0x00000001007aa800'
Event: 4715.100 Thread 0x000001fd3a5938a0 Unloading class 0x0000000100841400 'java/lang/invoke/LambdaForm$MH+0x0000000100841400'
Event: 4715.100 Thread 0x000001fd3a5938a0 Unloading class 0x0000000100839c00 'java/lang/invoke/LambdaForm$MH+0x0000000100839c00'
Event: 7608.899 Thread 0x000001fd3a5938a0 Unloading class 0x0000000100842800 'jdk/internal/reflect/GeneratedMethodAccessor31'
Event: 7608.900 Thread 0x000001fd3a5938a0 Unloading class 0x0000000100842400 'jdk/internal/reflect/GeneratedConstructorAccessor78'
Event: 7608.900 Thread 0x000001fd3a5938a0 Unloading class 0x0000000100842000 'jdk/internal/reflect/GeneratedConstructorAccessor77'

Classes redefined (0 events):
No events

Internal exceptions (20 events):
Event: 3090.317 Thread 0x000001fd405b5390 Implicit null exception at 0x000001fd32b8280a to 0x000001fd32b839ea
Event: 3090.317 Thread 0x000001fd405b5390 Exception <a 'java/lang/NullPointerException'{0x00000000c69cf838}> (0x00000000c69cf838) 
thrown [s\src\hotspot\share\runtime\sharedRuntime.cpp, line 631]
Event: 3090.318 Thread 0x000001fd405b5390 Implicit null exception at 0x000001fd32b8280a to 0x000001fd32b839ea
Event: 3090.318 Thread 0x000001fd405b5390 Exception <a 'java/lang/NullPointerException'{0x00000000c69f2250}> (0x00000000c69f2250) 
thrown [s\src\hotspot\share\runtime\sharedRuntime.cpp, line 631]
Event: 3090.318 Thread 0x000001fd405b5390 Implicit null exception at 0x000001fd32b8280a to 0x000001fd32b839ea
Event: 3090.318 Thread 0x000001fd405b5390 Exception <a 'java/lang/NullPointerException'{0x00000000c69f3370}> (0x00000000c69f3370) 
thrown [s\src\hotspot\share\runtime\sharedRuntime.cpp, line 631]
Event: 3090.318 Thread 0x000001fd405b5390 Implicit null exception at 0x000001fd32b8280a to 0x000001fd32b839ea
Event: 3090.318 Thread 0x000001fd405b5390 Exception <a 'java/lang/NullPointerException'{0x00000000c69f41c0}> (0x00000000c69f41c0) 
thrown [s\src\hotspot\share\runtime\sharedRuntime.cpp, line 631]
Event: 3188.270 Thread 0x000001fd405b5390 Implicit null exception at 0x000001fd32b8280a to 0x000001fd32b839ea
Event: 3188.270 Thread 0x000001fd405b5390 Exception <a 'java/lang/NullPointerException'{0x00000000c58d3210}> (0x00000000c58d3210) 
thrown [s\src\hotspot\share\runtime\sharedRuntime.cpp, line 631]
Event: 3188.270 Thread 0x000001fd405b5390 Implicit null exception at 0x000001fd32b8280a to 0x000001fd32b839ea
Event: 3188.270 Thread 0x000001fd405b5390 Exception <a 'java/lang/NullPointerException'{0x00000000c58d3d68}> (0x00000000c58d3d68) 
thrown [s\src\hotspot\share\runtime\sharedRuntime.cpp, line 631]
Event: 3188.272 Thread 0x000001fd405b5390 Implicit null exception at 0x000001fd32b8280a to 0x000001fd32b839ea
Event: 3188.272 Thread 0x000001fd405b5390 Exception <a 'java/lang/NullPointerException'{0x00000000c58f67c0}> (0x00000000c58f67c0) 
thrown [s\src\hotspot\share\runtime\sharedRuntime.cpp, line 631]
Event: 3188.272 Thread 0x000001fd405b5390 Implicit null exception at 0x000001fd32b8280a to 0x000001fd32b839ea
Event: 3188.272 Thread 0x000001fd405b5390 Exception <a 'java/lang/NullPointerException'{0x00000000c58f78e0}> (0x00000000c58f78e0) 
thrown [s\src\hotspot\share\runtime\sharedRuntime.cpp, line 631]
Event: 3188.272 Thread 0x000001fd405b5390 Implicit null exception at 0x000001fd32b8280a to 0x000001fd32b839ea
Event: 3188.272 Thread 0x000001fd405b5390 Exception <a 'java/lang/NullPointerException'{0x00000000c58f8730}> (0x00000000c58f8730) 
thrown [s\src\hotspot\share\runtime\sharedRuntime.cpp, line 631]
Event: 7525.768 Thread 0x000001fd407c0d30 Implicit null exception at 0x000001fd32c02306 to 0x000001fd32c02388
Event: 7525.770 Thread 0x000001fd407c0d30 Exception <a 'java/lang/NullPointerException'{0x00000000c7453dd8}> (0x00000000c7453dd8) 
thrown [s\src\hotspot\share\runtime\sharedRuntime.cpp, line 631]

VM Operations (20 events):
Event: 11013.219 Executing VM operation: G1CollectFull done
Event: 11023.356 Executing VM operation: G1CollectFull
Event: 11023.391 Executing VM operation: G1CollectFull done
Event: 11033.543 Executing VM operation: G1CollectFull
Event: 11033.576 Executing VM operation: G1CollectFull done
Event: 11043.719 Executing VM operation: G1CollectFull
Event: 11043.759 Executing VM operation: G1CollectFull done
Event: 11053.909 Executing VM operation: G1CollectFull
Event: 11053.943 Executing VM operation: G1CollectFull done
Event: 11064.085 Executing VM operation: G1CollectFull
Event: 11064.124 Executing VM operation: G1CollectFull done
Event: 11074.279 Executing VM operation: G1CollectFull
Event: 11074.314 Executing VM operation: G1CollectFull done
Event: 11084.458 Executing VM operation: G1CollectFull
Event: 11084.496 Executing VM operation: G1CollectFull done
Event: 11094.647 Executing VM operation: G1CollectFull
Event: 11094.691 Executing VM operation: G1CollectFull done
Event: 11104.833 Executing VM operation: G1CollectFull
Event: 11104.871 Executing VM operation: G1CollectFull done
Event: 11114.925 Executing VM operation: G1CollectFull

Events (20 events):
Event: 7508.718 Thread 0x000001fd407c3fd0 Thread added: 0x000001fd407c3fd0
Event: 7508.719 Thread 0x000001fd407c44e0 Thread added: 0x000001fd407c44e0
Event: 7516.456 Thread 0x000001fd407c1750 Thread added: 0x000001fd407c1750
Event: 7516.642 Thread 0x000001fd407c0d30 Thread added: 0x000001fd407c0d30
Event: 7516.649 Thread 0x000001fd407c5410 Thread added: 0x000001fd407c5410
Event: 7516.654 Thread 0x000001fd407c1c60 Thread added: 0x000001fd407c1c60
Event: 7525.492 Thread 0x000001fd407c5920 Thread added: 0x000001fd407c5920
Event: 7573.677 Thread 0x000001fd407c3ac0 Thread exited: 0x000001fd407c3ac0
Event: 7576.987 Thread 0x000001fd407c1c60 Thread exited: 0x000001fd407c1c60
Event: 7585.618 Thread 0x000001fd407c1750 Thread exited: 0x000001fd407c1750
Event: 7585.791 Thread 0x000001fd407c81a0 Thread exited: 0x000001fd407c81a0
Event: 7585.820 Thread 0x000001fd407c0d30 Thread exited: 0x000001fd407c0d30
Event: 7585.930 Thread 0x000001fd407c3fd0 Thread exited: 0x000001fd407c3fd0
Event: 7586.209 Thread 0x000001fd407c44e0 Thread exited: 0x000001fd407c44e0
Event: 7645.930 Thread 0x000001fd407c5920 Thread exited: 0x000001fd407c5920
Event: 7705.937 Thread 0x000001fd407c5410 Thread exited: 0x000001fd407c5410
Event: 8132.167 Thread 0x000001fd407c5410 Thread added: 0x000001fd407c5410
Event: 8132.438 Thread 0x000001fd407c5e30 Thread added: 0x000001fd407c5e30
Event: 8192.505 Thread 0x000001fd407c5410 Thread exited: 0x000001fd407c5410
Event: 8192.505 Thread 0x000001fd407c5e30 Thread exited: 0x000001fd407c5e30


Dynamic libraries:
0x00007ff7b72e0000 - 0x00007ff7b72ee000 	c:\Users\taiph\.vscode\extensions\redhat.java-1.33.0-win32-x64\jre\17.0.11-win32-x86_64\bin\java.exe
0x00007ffdbed30000 - 0x00007ffdbef47000 	C:\WINDOWS\SYSTEM32\ntdll.dll
0x00007ffdbd750000 - 0x00007ffdbd814000 	C:\WINDOWS\System32\KERNEL32.DLL
0x00007ffdbc340000 - 0x00007ffdbc6ed000 	C:\WINDOWS\System32\KERNELBASE.dll
0x00007ffdbc1a0000 - 0x00007ffdbc2b1000 	C:\WINDOWS\System32\ucrtbase.dll
0x00007ffdaa2c0000 - 0x00007ffdaa2db000 	c:\Users\taiph\.vscode\extensions\redhat.java-1.33.0-win32-x64\jre\17.0.11-win32-x86_64\bin\VCRUNTIME140.dll
0x00007ffdaa770000 - 0x00007ffdaa787000 	c:\Users\taiph\.vscode\extensions\redhat.java-1.33.0-win32-x64\jre\17.0.11-win32-x86_64\bin\jli.dll
0x00007ffdbde60000 - 0x00007ffdbe00e000 	C:\WINDOWS\System32\USER32.dll
0x00007ffdaaa40000 - 0x00007ffdaacd3000 	C:\WINDOWS\WinSxS\amd64_microsoft.windows.common-controls_6595b64144ccf1df_6.0.22621.3672_none_2713b9d173822955\COMCTL32.dll
0x00007ffdbc050000 - 0x00007ffdbc076000 	C:\WINDOWS\System32\win32u.dll
0x00007ffdbe010000 - 0x00007ffdbe0b7000 	C:\WINDOWS\System32\msvcrt.dll
0x00007ffdbd450000 - 0x00007ffdbd479000 	C:\WINDOWS\System32\GDI32.dll
0x00007ffdbc080000 - 0x00007ffdbc199000 	C:\WINDOWS\System32\gdi32full.dll
0x00007ffdbc720000 - 0x00007ffdbc7ba000 	C:\WINDOWS\System32\msvcp_win.dll
0x00007ffdbca60000 - 0x00007ffdbca91000 	C:\WINDOWS\System32\IMM32.DLL
0x00007ffdb6630000 - 0x00007ffdb663c000 	c:\Users\taiph\.vscode\extensions\redhat.java-1.33.0-win32-x64\jre\17.0.11-win32-x86_64\bin\vcruntime140_1.dll
0x00007ffd971c0000 - 0x00007ffd9724d000 	c:\Users\taiph\.vscode\extensions\redhat.java-1.33.0-win32-x64\jre\17.0.11-win32-x86_64\bin\msvcp140.dll
0x00007ffd41be0000 - 0x00007ffd42842000 	c:\Users\taiph\.vscode\extensions\redhat.java-1.33.0-win32-x64\jre\17.0.11-win32-x86_64\bin\server\jvm.dll
0x00007ffdbda10000 - 0x00007ffdbdac2000 	C:\WINDOWS\System32\ADVAPI32.dll
0x00007ffdbd8b0000 - 0x00007ffdbd959000 	C:\WINDOWS\System32\sechost.dll
0x00007ffdbc6f0000 - 0x00007ffdbc718000 	C:\WINDOWS\System32\bcrypt.dll
0x00007ffdbeb40000 - 0x00007ffdbec54000 	C:\WINDOWS\System32\RPCRT4.dll
0x00007ffdb4720000 - 0x00007ffdb4729000 	C:\WINDOWS\SYSTEM32\WSOCK32.dll
0x00007ffdb6370000 - 0x00007ffdb63a4000 	C:\WINDOWS\SYSTEM32\WINMM.dll
0x00007ffdbd830000 - 0x00007ffdbd8a1000 	C:\WINDOWS\System32\WS2_32.dll
0x00007ffdb44d0000 - 0x00007ffdb44da000 	C:\WINDOWS\SYSTEM32\VERSION.dll
0x00007ffdbaee0000 - 0x00007ffdbaf2d000 	C:\WINDOWS\SYSTEM32\POWRPROF.dll
0x00007ffdbaec0000 - 0x00007ffdbaed3000 	C:\WINDOWS\SYSTEM32\UMPDC.dll
0x00007ffdbb170000 - 0x00007ffdbb188000 	C:\WINDOWS\SYSTEM32\kernel.appcore.dll
0x00007ffdb45c0000 - 0x00007ffdb45ca000 	c:\Users\taiph\.vscode\extensions\redhat.java-1.33.0-win32-x64\jre\17.0.11-win32-x86_64\bin\jimage.dll
0x00007ffdb9a80000 - 0x00007ffdb9cb2000 	C:\WINDOWS\SYSTEM32\DBGHELP.DLL
0x00007ffdbdad0000 - 0x00007ffdbde5d000 	C:\WINDOWS\System32\combase.dll
0x00007ffdbd280000 - 0x00007ffdbd357000 	C:\WINDOWS\System32\OLEAUT32.dll
0x00007ffdadc00000 - 0x00007ffdadc32000 	C:\WINDOWS\SYSTEM32\dbgcore.DLL
0x00007ffdbc2c0000 - 0x00007ffdbc33b000 	C:\WINDOWS\System32\bcryptPrimitives.dll
0x00007ffda5100000 - 0x00007ffda5125000 	c:\Users\taiph\.vscode\extensions\redhat.java-1.33.0-win32-x64\jre\17.0.11-win32-x86_64\bin\java.dll
0x00007ffdaa210000 - 0x00007ffdaa228000 	c:\Users\taiph\.vscode\extensions\redhat.java-1.33.0-win32-x64\jre\17.0.11-win32-x86_64\bin\zip.dll
0x00007ffdbe120000 - 0x00007ffdbe988000 	C:\WINDOWS\System32\SHELL32.dll
0x00007ffdb9fa0000 - 0x00007ffdba89e000 	C:\WINDOWS\SYSTEM32\windows.storage.dll
0x00007ffdb9e60000 - 0x00007ffdb9f9f000 	C:\WINDOWS\SYSTEM32\wintypes.dll
0x00007ffdbd650000 - 0x00007ffdbd749000 	C:\WINDOWS\System32\SHCORE.dll
0x00007ffdbe0c0000 - 0x00007ffdbe11e000 	C:\WINDOWS\System32\shlwapi.dll
0x00007ffdbbf80000 - 0x00007ffdbbfa1000 	C:\WINDOWS\SYSTEM32\profapi.dll
0x00007ffdaa070000 - 0x00007ffdaa089000 	C:\Users\taiph\.vscode\extensions\redhat.java-1.33.0-win32-x64\jre\17.0.11-win32-x86_64\bin\net.dll
0x00007ffdb7aa0000 - 0x00007ffdb7bd6000 	C:\WINDOWS\SYSTEM32\WINHTTP.dll
0x00007ffdbb5e0000 - 0x00007ffdbb649000 	C:\WINDOWS\system32\mswsock.dll
0x00007ffda9e70000 - 0x00007ffda9e86000 	C:\Users\taiph\.vscode\extensions\redhat.java-1.33.0-win32-x64\jre\17.0.11-win32-x86_64\bin\nio.dll
0x00007ffdb4350000 - 0x00007ffdb4360000 	c:\Users\taiph\.vscode\extensions\redhat.java-1.33.0-win32-x64\jre\17.0.11-win32-x86_64\bin\verify.dll
0x00007ffdbb840000 - 0x00007ffdbb85b000 	C:\WINDOWS\SYSTEM32\CRYPTSP.dll
0x00007ffdbb0d0000 - 0x00007ffdbb105000 	C:\WINDOWS\system32\rsaenh.dll
0x00007ffdbb6e0000 - 0x00007ffdbb708000 	C:\WINDOWS\SYSTEM32\USERENV.dll
0x00007ffdbb860000 - 0x00007ffdbb86c000 	C:\WINDOWS\SYSTEM32\CRYPTBASE.dll
0x00007ffdbaaf0000 - 0x00007ffdbab1d000 	C:\WINDOWS\SYSTEM32\IPHLPAPI.DLL
0x00007ffdbd630000 - 0x00007ffdbd639000 	C:\WINDOWS\System32\NSI.dll
0x00007ffdb7840000 - 0x00007ffdb7859000 	C:\WINDOWS\SYSTEM32\dhcpcsvc6.DLL
0x00007ffdb7820000 - 0x00007ffdb783f000 	C:\WINDOWS\SYSTEM32\dhcpcsvc.DLL
0x00007ffdbab20000 - 0x00007ffdbac18000 	C:\WINDOWS\SYSTEM32\DNSAPI.dll
0x00007ffdb73c0000 - 0x00007ffdb73c9000 	C:\Users\taiph\.vscode\extensions\redhat.java-1.33.0-win32-x64\jre\17.0.11-win32-x86_64\bin\management.dll
0x00007ffdb6480000 - 0x00007ffdb648b000 	C:\Users\taiph\.vscode\extensions\redhat.java-1.33.0-win32-x64\jre\17.0.11-win32-x86_64\bin\management_ext.dll
0x00007ffdbec60000 - 0x00007ffdbec68000 	C:\WINDOWS\System32\PSAPI.DLL
0x00007ffdb0d10000 - 0x00007ffdb0d1e000 	C:\Users\taiph\.vscode\extensions\redhat.java-1.33.0-win32-x64\jre\17.0.11-win32-x86_64\bin\sunmscapi.dll
0x00007ffdbc8f0000 - 0x00007ffdbca57000 	C:\WINDOWS\System32\CRYPT32.dll
0x00007ffdbb9e0000 - 0x00007ffdbba0e000 	C:\WINDOWS\SYSTEM32\ncrypt.dll
0x00007ffdbb9a0000 - 0x00007ffdbb9d7000 	C:\WINDOWS\SYSTEM32\NTASN1.dll
0x00007ffdb7550000 - 0x00007ffdb755a000 	C:\Windows\System32\rasadhlp.dll
0x00007ffdb6660000 - 0x00007ffdb66e3000 	C:\WINDOWS\System32\fwpuclnt.dll
0x00007ffdade80000 - 0x00007ffdade89000 	C:\Users\taiph\.vscode\extensions\redhat.java-1.33.0-win32-x64\jre\17.0.11-win32-x86_64\bin\extnet.dll

dbghelp: loaded successfully - version: 4.0.5 - missing functions: none
symbol engine: initialized successfully - sym options: 0x614 - pdb path: .;c:\Users\taiph\.vscode\extensions\redhat.java-1.33.0-win32-x64\jre\17.0.11-win32-x86_64\bin;C:\WINDOWS\SYSTEM32;C:\WINDOWS\WinSxS\amd64_microsoft.windows.common-controls_6595b64144ccf1df_6.0.22621.3672_none_2713b9d173822955;c:\Users\taiph\.vscode\extensions\redhat.java-1.33.0-win32-x64\jre\17.0.11-win32-x86_64\bin\server

VM Arguments:
jvm_args: -Xmx1024m -Dsts.lsp.client=vscode -Dsts.log.file=/dev/null -XX:TieredStopAtLevel=1 -Xlog:jni+resolve=off -Dspring.config.location=file:c:\Users\taiph\.vscode\extensions\vmware.vscode-spring-boot-1.56.0\language-server\BOOT-INF\classes\application.properties 
java_command: org.springframework.ide.vscode.boot.app.BootLanguageServerBootApp
java_class_path (initial): c:\Users\taiph\.vscode\extensions\vmware.vscode-spring-boot-1.56.0\language-server\BOOT-INF\classes;c:\Users\taiph\.vscode\extensions\vmware.vscode-spring-boot-1.56.0\language-server\BOOT-INF\lib\annotations-24.1.0.jar;c:\Users\taiph\.vscode\extensions\vmware.vscode-spring-boot-1.56.0\language-server\BOOT-INF\lib\antlr4-runtime-4.13.1.jar;c:\Users\taiph\.vscode\extensions\vmware.vscode-spring-boot-1.56.0\language-server\BOOT-INF\lib\asm-9.7.jar;c:\Users\taiph\.vscode\extensions\vmware.vscode-spring-boot-1.56.0\language-server\BOOT-INF\lib\asm-analysis-9.7.jar;c:\Users\taiph\.vscode\extensions\vmware.vscode-spring-boot-1.56.0\language-server\BOOT-INF\lib\asm-tree-9.7.jar;c:\Users\taiph\.vscode\extensions\vmware.vscode-spring-boot-1.56.0\language-server\BOOT-INF\lib\asm-util-9.7.jar;c:\Users\taiph\.vscode\extensions\vmware.vscode-spring-boot-1.56.0\language-server\BOOT-INF\lib\caffeine-3.1.8.jar;c:\Users\taiph\.vscode\extensions\vmware.vscode-spring-boot-1.56.0\language-server\BOOT-INF\lib\checker-qual-3.12.0.jar;c:\Users\taiph\.vscode\extensions\vmware.vscode-spring-boot-1.56.0\language-server\BOOT-INF\lib\classgraph-4.8.149.jar;c:\Users\taiph\.vscode\extensions\vmware.vscode-spring-boot-1.56.0\language-server\BOOT-INF\lib\commons-codec-1.16.1.jar;c:\Users\taiph\.vscode\extensions\vmware.vscode-spring-boot-1.56.0\language-server\BOOT-INF\lib\commons-compress-1.26.2.jar;c:\Users\taiph\.vscode\extensions\vmware.vscode-spring-boot-1.56.0\language-server\BOOT-INF\lib\commons-io-2.16.1.jar;c:\Users\taiph\.vscode\extensions\vmware.vscode-spring-boot-1.56.0\language-server\BOOT-INF\lib\commons-java-1.56.0-SNAPSHOT.jar;c:\Users\taiph\.vscode\extensions\vmware.vscode-spring-boot-1.56.0\language-server\BOOT-INF\lib\commons-lang3-3.14.0.jar;c:\Users\taiph\.vscode\extensions\vmware.vscode-spring-boot-1.56.0\language-server\BOOT-INF\lib\commons-language-server-1.56.0-SNAPSHOT.jar;c:\Users\taiph\.vscode\extensions\vmware.vscode-spring-boot-1.56.0\langu
Launcher Type: SUN_STANDARD

[Global flags]
     intx CICompilerCount                          = 4                                         {product} {ergonomic}
     uint ConcGCThreads                            = 3                                         {product} {ergonomic}
     uint G1ConcRefinementThreads                  = 10                                        {product} {ergonomic}
   size_t G1HeapRegionSize                         = 1048576                                   {product} {ergonomic}
    uintx GCDrainStackTargetSize                   = 64                                        {product} {ergonomic}
   size_t InitialHeapSize                          = 125829120                                 {product} {ergonomic}
   size_t MarkStackSize                            = 4194304                                   {product} {ergonomic}
   size_t MaxHeapSize                              = 1073741824                                {product} {command line}
   size_t MaxNewSize                               = 643825664                                 {product} {ergonomic}
   size_t MinHeapDeltaBytes                        = 1048576                                   {product} {ergonomic}
   size_t MinHeapSize                              = 8388608                                   {product} {ergonomic}
    uintx NonProfiledCodeHeapSize                  = 0                                      {pd product} {ergonomic}
     bool ProfileInterpreter                       = false                                  {pd product} {command line}
    uintx ProfiledCodeHeapSize                     = 0                                      {pd product} {ergonomic}
   size_t SoftMaxHeapSize                          = 1073741824                             {manageable} {ergonomic}
     intx TieredStopAtLevel                        = 1                                         {product} {command line}
     bool UseCompressedClassPointers               = true                           {product lp64_product} {ergonomic}
     bool UseCompressedOops                        = true                           {product lp64_product} {ergonomic}
     bool UseG1GC                                  = true                                      {product} {ergonomic}
     bool UseLargePagesIndividualAllocation        = false                                  {pd product} {ergonomic}

Logging:
Log output configuration:
 #0: stdout all=warning,jni+resolve=off uptime,level,tags
 #1: stderr all=off uptime,level,tags

Environment Variables:
PATH=C:\Program Files\Microsoft MPI\Bin\;C:\Program Files\Common Files\Oracle\Java\javapath;C:\Windows\system32;C:\Windows;C:\Windows\System32\Wbem;C:\Windows\System32\WindowsPowerShell\v1.0\;C:\Windows\System32\OpenSSH\;C:\Program Files (x86)\NVIDIA Corporation\PhysX\Common;C:\Program Files\NVIDIA Corporation\NVIDIA NvDLISR;C:\WINDOWS\system32;C:\WINDOWS;C:\WINDOWS\System32\Wbem;C:\WINDOWS\System32\WindowsPowerShell\v1.0\;C:\WINDOWS\System32\OpenSSH\;C:\Program Files (x86)\Microsoft SQL Server\160\Tools\Binn\;C:\Program Files\Microsoft SQL Server\160\Tools\Binn\;C:\Program Files\Microsoft SQL Server\Client SDK\ODBC\170\Tools\Binn\;C:\Program Files\Microsoft SQL Server\160\DTS\Binn\;C:\Program Files (x86)\Microsoft SQL Server\160\DTS\Binn\;C:\Program Files\Azure Data Studio\bin;C:\Program Files\Git\cmd;C:\Program Files\nodejs\;C:\Users\taiph\AppData\Local\Microsoft\WindowsApps;;C:\Users\taiph\AppData\Local\Programs\Microsoft VS Code\bin;C:\Program Files\Azure Data Studio\bin;C:\Program Files\Azure Data Studio\bin;C:\Users\taiph\AppData\Roaming\npm
USERNAME=taiph
OS=Windows_NT
PROCESSOR_IDENTIFIER=AMD64 Family 23 Model 104 Stepping 1, AuthenticAMD
TMP=C:\Users\taiph\AppData\Local\Temp
TEMP=C:\Users\taiph\AppData\Local\Temp



Periodic native trim disabled


---------------  S Y S T E M  ---------------

OS:
 Windows 11 , 64 bit Build 22621 (10.0.22621.3958)
OS uptime: 1 days 13:18 hours

CPU: total 12 (initial active 12) (12 cores per cpu, 2 threads per core) family 23 model 104 stepping 1 microcode 0x0, cx8, cmov, fxsr, ht, mmx, 3dnowpref, sse, sse2, sse3, ssse3, sse4a, sse4.1, sse4.2, popcnt, lzcnt, tsc, tscinvbit, avx, avx2, aes, clmul, bmi1, bmi2, adx, sha, fma, vzeroupper, clflush, clflushopt
Processor Information for processor 0
  Max Mhz: 2100, Current Mhz: 1988, Mhz Limit: 2100
Processor Information for processor 1
  Max Mhz: 2100, Current Mhz: 1988, Mhz Limit: 2100
Processor Information for processor 2
  Max Mhz: 2100, Current Mhz: 1988, Mhz Limit: 2100
Processor Information for processor 3
  Max Mhz: 2100, Current Mhz: 1988, Mhz Limit: 2100
Processor Information for processor 4
  Max Mhz: 2100, Current Mhz: 1988, Mhz Limit: 2100
Processor Information for processor 5
  Max Mhz: 2100, Current Mhz: 1988, Mhz Limit: 2100
Processor Information for processor 6
  Max Mhz: 2100, Current Mhz: 1988, Mhz Limit: 2100
Processor Information for processor 7
  Max Mhz: 2100, Current Mhz: 2100, Mhz Limit: 2100
Processor Information for processor 8
  Max Mhz: 2100, Current Mhz: 1988, Mhz Limit: 2100
Processor Information for processor 9
  Max Mhz: 2100, Current Mhz: 1988, Mhz Limit: 2100
Processor Information for processor 10
  Max Mhz: 2100, Current Mhz: 1988, Mhz Limit: 2100
Processor Information for processor 11
  Max Mhz: 2100, Current Mhz: 2100, Mhz Limit: 2100

Memory: 4k page, system-wide physical 7577M (326M free)
TotalPageFile size 25417M (AvailPageFile size 6M)
current process WorkingSet (physical memory assigned to process): 91M, peak: 360M
current process commit charge ("private bytes"): 354M, peak: 418M

vm_info: OpenJDK 64-Bit Server VM (17.0.11+9) for windows-amd64 JRE (17.0.11+9), built on Apr 17 2024 06:07:48 by "admin" with MS VC++ 16.10 / 16.11 (VS2019)

END.
